
::1 - - [22/Aug/2020:04:53:10 +0000] "GET /getAllData HTTP/1.1" 404 149 "-" "PostmanRuntime/7.26.3"
::1 - - [22/Aug/2020:05:02:01 +0000] "GET /getAllData HTTP/1.1" 404 149 "-" "PostmanRuntime/7.26.3"
::1 - - [22/Aug/2020:05:02:10 +0000] "GET /getAllData HTTP/1.1" 404 149 "-" "PostmanRuntime/7.26.3"
::1 - - [22/Aug/2020:05:10:18 +0000] "GET /getAllData HTTP/1.1" 404 149 "-" "PostmanRuntime/7.26.3"
::1 - - [22/Aug/2020:05:19:32 +0000] "GET /getAllData HTTP/1.1" 404 149 "-" "PostmanRuntime/7.26.3"
::1 - - [22/Aug/2020:05:24:39 +0000] "GET /api/getAllData HTTP/1.1" 200 557 "-" "PostmanRuntime/7.26.3"
::1 - - [22/Aug/2020:11:22:54 +0000] "GET /api/getAllData HTTP/1.1" 200 1124 "-" "PostmanRuntime/7.26.3"
::1 - - [22/Aug/2020:11:26:08 +0000] "GET /api/getAllData HTTP/1.1" 200 1124 "-" "PostmanRuntime/7.26.3"
::1 - - [22/Aug/2020:11:26:10 +0000] "GET /api/getAllData HTTP/1.1" 200 1124 "-" "PostmanRuntime/7.26.3"
::1 - - [22/Aug/2020:18:38:46 +0000] "GET /api/getAllData HTTP/1.1" 200 1153 "-" "PostmanRuntime/7.26.3"
::1 - - [23/Aug/2020:13:02:10 +0000] "GET /api/user/login HTTP/1.1" 404 153 "-" "PostmanRuntime/7.26.3"
::1 - - [23/Aug/2020:13:02:38 +0000] "GET /api/user/login HTTP/1.1" 404 153 "-" "PostmanRuntime/7.26.3"
::1 - - [23/Aug/2020:13:04:03 +0000] "GET /api/user/login HTTP/1.1" 404 153 "-" "PostmanRuntime/7.26.3"
::1 - - [23/Aug/2020:13:04:10 +0000] "POST /api/user/login HTTP/1.1" 500 31 "-" "PostmanRuntime/7.26.3"
::1 - - [23/Aug/2020:13:04:32 +0000] "POST /api/user/login HTTP/1.1" 200 76 "-" "PostmanRuntime/7.26.3"
::1 - - [23/Aug/2020:13:12:29 +0000] "POST /api/user/login HTTP/1.1" 500 27 "-" "PostmanRuntime/7.26.3"
::1 - - [23/Aug/2020:13:12:51 +0000] "POST /api/user/login HTTP/1.1" 500 48 "-" "PostmanRuntime/7.26.3"
::1 - - [23/Aug/2020:13:13:25 +0000] "POST /api/user/login HTTP/1.1" 500 27 "-" "PostmanRuntime/7.26.3"
::1 - - [23/Aug/2020:13:16:55 +0000] "POST /api/user/login HTTP/1.1" 200 78 "-" "PostmanRuntime/7.26.3"
::1 - - [23/Aug/2020:13:18:16 +0000] "POST /api/user/login HTTP/1.1" 200 32 "-" "PostmanRuntime/7.26.3"
::1 - - [23/Aug/2020:13:21:23 +0000] "POST /api/user/login HTTP/1.1" 200 16 "-" "PostmanRuntime/7.26.3"
::1 - - [23/Aug/2020:13:21:38 +0000] "POST /api/user/login HTTP/1.1" 200 16 "-" "PostmanRuntime/7.26.3"
::1 - - [23/Aug/2020:13:21:51 +0000] "POST /api/user/login HTTP/1.1" 200 16 "-" "PostmanRuntime/7.26.3"
::1 - - [23/Aug/2020:13:22:01 +0000] "POST /api/user/login HTTP/1.1" 200 16 "-" "PostmanRuntime/7.26.3"
::1 - - [23/Aug/2020:13:22:10 +0000] "POST /api/user/login HTTP/1.1" 200 34 "-" "PostmanRuntime/7.26.3"
::1 - - [23/Aug/2020:13:24:09 +0000] "POST /api/user/login HTTP/1.1" 200 34 "-" "PostmanRuntime/7.26.3"
::1 - - [23/Aug/2020:13:26:16 +0000] "POST /api/user/login HTTP/1.1" 200 78 "-" "PostmanRuntime/7.26.3"
::1 - - [23/Aug/2020:13:26:21 +0000] "POST /api/user/login HTTP/1.1" 200 78 "-" "PostmanRuntime/7.26.3"
::1 - - [23/Aug/2020:13:26:22 +0000] "POST /api/user/login HTTP/1.1" 200 78 "-" "PostmanRuntime/7.26.3"
::1 - - [23/Aug/2020:13:26:45 +0000] "POST /api/user/login HTTP/1.1" 200 78 "-" "PostmanRuntime/7.26.3"
::1 - - [23/Aug/2020:13:26:59 +0000] "POST /api/user/login HTTP/1.1" 200 78 "-" "PostmanRuntime/7.26.3"
::1 - - [23/Aug/2020:13:28:35 +0000] "POST /api/user/login HTTP/1.1" 200 78 "-" "PostmanRuntime/7.26.3"
::1 - - [23/Aug/2020:13:29:15 +0000] "POST /api/user/login HTTP/1.1" 200 78 "-" "PostmanRuntime/7.26.3"
::1 - - [23/Aug/2020:13:29:27 +0000] "POST /api/user/login HTTP/1.1" 200 78 "-" "PostmanRuntime/7.26.3"
::1 - - [23/Aug/2020:13:30:51 +0000] "POST /api/user/login HTTP/1.1" 200 78 "-" "PostmanRuntime/7.26.3"
::1 - - [23/Aug/2020:13:31:12 +0000] "POST /api/user/login HTTP/1.1" 200 78 "-" "PostmanRuntime/7.26.3"
::1 - - [23/Aug/2020:13:31:30 +0000] "POST /api/user/login HTTP/1.1" 200 78 "-" "PostmanRuntime/7.26.3"
::1 - - [23/Aug/2020:13:31:54 +0000] "POST /api/user/login HTTP/1.1" 200 78 "-" "PostmanRuntime/7.26.3"
::1 - - [23/Aug/2020:13:31:58 +0000] "POST /api/user/login HTTP/1.1" 200 247 "-" "PostmanRuntime/7.26.3"
::1 - - [23/Aug/2020:14:16:09 +0000] "GET /api/user/login HTTP/1.1" 404 153 "-" "PostmanRuntime/7.26.3"
::1 - - [23/Aug/2020:14:17:10 +0000] "POST /api/user/login HTTP/1.1" 200 247 "-" "PostmanRuntime/7.26.3"
::1 - - [23/Aug/2020:14:17:39 +0000] "POST /api/user/cart?id=1 HTTP/1.1" 404 153 "-" "PostmanRuntime/7.26.3"
::1 - - [23/Aug/2020:14:18:47 +0000] "POST /api/user/cart?id=1 HTTP/1.1" 404 153 "-" "PostmanRuntime/7.26.3"
::1 - - [23/Aug/2020:14:18:54 +0000] "GET /api/user/cart?id=1 HTTP/1.1" 404 152 "-" "PostmanRuntime/7.26.3"
::1 - - [23/Aug/2020:14:19:09 +0000] "GET /api/user/cart?id=1 HTTP/1.1" 404 152 "-" "PostmanRuntime/7.26.3"
::1 - - [23/Aug/2020:14:21:30 +0000] "GET /api/user/cart HTTP/1.1" 404 152 "-" "PostmanRuntime/7.26.3"
::1 - - [23/Aug/2020:14:21:34 +0000] "POST /api/user/cart HTTP/1.1" 500 28 "-" "PostmanRuntime/7.26.3"
::1 - - [23/Aug/2020:14:21:55 +0000] "POST /api/user/cart HTTP/1.1" 200 1858 "-" "PostmanRuntime/7.26.3"
::1 - - [24/Aug/2020:10:48:36 +0000] "GET /users/2 HTTP/1.1" 404 146 "http://localhost:4200/" "Mozilla/5.0 (Windows NT 10.0; Win64; x64) AppleWebKit/537.36 (KHTML, like Gecko) Chrome/84.0.4147.135 Safari/537.36"
::1 - - [24/Aug/2020:10:51:05 +0000] "POST /api/user/login HTTP/1.1" 200 78 "http://localhost:4200/login" "Mozilla/5.0 (Windows NT 10.0; Win64; x64) AppleWebKit/537.36 (KHTML, like Gecko) Chrome/84.0.4147.135 Safari/537.36"
::1 - - [24/Aug/2020:11:12:49 +0000] "POST /api/user/login HTTP/1.1" 200 78 "http://localhost:4200/login?returnUrl=%2F" "Mozilla/5.0 (Windows NT 10.0; Win64; x64) AppleWebKit/537.36 (KHTML, like Gecko) Chrome/84.0.4147.135 Safari/537.36"
::1 - - [24/Aug/2020:11:14:30 +0000] "POST /api/user/login HTTP/1.1" 200 247 "http://localhost:4200/login" "Mozilla/5.0 (Windows NT 10.0; Win64; x64) AppleWebKit/537.36 (KHTML, like Gecko) Chrome/84.0.4147.135 Safari/537.36"
::1 - - [24/Aug/2020:11:14:30 +0000] "GET /users/1 HTTP/1.1" 404 146 "http://localhost:4200/" "Mozilla/5.0 (Windows NT 10.0; Win64; x64) AppleWebKit/537.36 (KHTML, like Gecko) Chrome/84.0.4147.135 Safari/537.36"
::1 - - [24/Aug/2020:11:14:40 +0000] "GET /users/1 HTTP/1.1" 404 146 "http://localhost:4200/" "Mozilla/5.0 (Windows NT 10.0; Win64; x64) AppleWebKit/537.36 (KHTML, like Gecko) Chrome/84.0.4147.135 Safari/537.36"
::1 - - [24/Aug/2020:11:14:51 +0000] "POST /api/user/login HTTP/1.1" 200 78 "http://localhost:4200/login" "Mozilla/5.0 (Windows NT 10.0; Win64; x64) AppleWebKit/537.36 (KHTML, like Gecko) Chrome/84.0.4147.135 Safari/537.36"
::1 - - [24/Aug/2020:11:15:05 +0000] "POST /api/user/login HTTP/1.1" 200 247 "http://localhost:4200/login" "Mozilla/5.0 (Windows NT 10.0; Win64; x64) AppleWebKit/537.36 (KHTML, like Gecko) Chrome/84.0.4147.135 Safari/537.36"
::1 - - [24/Aug/2020:11:15:05 +0000] "GET /users/1 HTTP/1.1" 404 146 "http://localhost:4200/" "Mozilla/5.0 (Windows NT 10.0; Win64; x64) AppleWebKit/537.36 (KHTML, like Gecko) Chrome/84.0.4147.135 Safari/537.36"
::1 - - [24/Aug/2020:11:17:54 +0000] "GET /users/1 HTTP/1.1" 404 146 "http://localhost:4200/" "Mozilla/5.0 (Windows NT 10.0; Win64; x64) AppleWebKit/537.36 (KHTML, like Gecko) Chrome/84.0.4147.135 Safari/537.36"
::1 - - [24/Aug/2020:11:17:54 +0000] "GET /users/1 HTTP/1.1" 404 146 "http://localhost:4200/" "Mozilla/5.0 (Windows NT 10.0; Win64; x64) AppleWebKit/537.36 (KHTML, like Gecko) Chrome/84.0.4147.135 Safari/537.36"
::1 - - [24/Aug/2020:11:20:23 +0000] "GET /users/1 HTTP/1.1" 404 146 "http://localhost:4200/" "Mozilla/5.0 (Windows NT 10.0; Win64; x64) AppleWebKit/537.36 (KHTML, like Gecko) Chrome/84.0.4147.135 Safari/537.36"
::1 - - [24/Aug/2020:11:20:24 +0000] "GET /users/1 HTTP/1.1" 404 146 "http://localhost:4200/" "Mozilla/5.0 (Windows NT 10.0; Win64; x64) AppleWebKit/537.36 (KHTML, like Gecko) Chrome/84.0.4147.135 Safari/537.36"
::1 - - [24/Aug/2020:11:33:48 +0000] "POST /api/user/login HTTP/1.1" 200 247 "http://localhost:4200/login" "Mozilla/5.0 (Windows NT 10.0; Win64; x64) AppleWebKit/537.36 (KHTML, like Gecko) Chrome/84.0.4147.135 Safari/537.36"
::1 - - [24/Aug/2020:12:14:10 +0000] "POST /api/user/login HTTP/1.1" 200 78 "http://localhost:4200/login" "Mozilla/5.0 (Windows NT 10.0; Win64; x64) AppleWebKit/537.36 (KHTML, like Gecko) Chrome/84.0.4147.135 Safari/537.36"
::1 - - [24/Aug/2020:12:14:34 +0000] "POST /api/user/login HTTP/1.1" 200 247 "http://localhost:4200/login" "Mozilla/5.0 (Windows NT 10.0; Win64; x64) AppleWebKit/537.36 (KHTML, like Gecko) Chrome/84.0.4147.135 Safari/537.36"
::1 - - [24/Aug/2020:12:14:42 +0000] "POST /api/user/login HTTP/1.1" 200 78 "http://localhost:4200/login" "Mozilla/5.0 (Windows NT 10.0; Win64; x64) AppleWebKit/537.36 (KHTML, like Gecko) Chrome/84.0.4147.135 Safari/537.36"
::1 - - [24/Aug/2020:12:15:19 +0000] "POST /api/user/login HTTP/1.1" 200 247 "http://localhost:4200/login" "Mozilla/5.0 (Windows NT 10.0; Win64; x64) AppleWebKit/537.36 (KHTML, like Gecko) Chrome/84.0.4147.135 Safari/537.36"
::1 - - [24/Aug/2020:12:15:23 +0000] "POST /api/user/login HTTP/1.1" 200 78 "http://localhost:4200/login" "Mozilla/5.0 (Windows NT 10.0; Win64; x64) AppleWebKit/537.36 (KHTML, like Gecko) Chrome/84.0.4147.135 Safari/537.36"
::1 - - [24/Aug/2020:12:16:51 +0000] "POST /api/user/login HTTP/1.1" 200 78 "http://localhost:4200/login" "Mozilla/5.0 (Windows NT 10.0; Win64; x64) AppleWebKit/537.36 (KHTML, like Gecko) Chrome/84.0.4147.135 Safari/537.36"
::1 - - [24/Aug/2020:12:16:55 +0000] "POST /api/user/login HTTP/1.1" 200 247 "http://localhost:4200/login" "Mozilla/5.0 (Windows NT 10.0; Win64; x64) AppleWebKit/537.36 (KHTML, like Gecko) Chrome/84.0.4147.135 Safari/537.36"
::1 - - [24/Aug/2020:12:17:00 +0000] "POST /api/user/login HTTP/1.1" 200 78 "http://localhost:4200/login" "Mozilla/5.0 (Windows NT 10.0; Win64; x64) AppleWebKit/537.36 (KHTML, like Gecko) Chrome/84.0.4147.135 Safari/537.36"
::1 - - [24/Aug/2020:12:17:05 +0000] "POST /api/user/login HTTP/1.1" 200 78 "http://localhost:4200/login" "Mozilla/5.0 (Windows NT 10.0; Win64; x64) AppleWebKit/537.36 (KHTML, like Gecko) Chrome/84.0.4147.135 Safari/537.36"
::1 - - [24/Aug/2020:12:17:07 +0000] "POST /api/user/login HTTP/1.1" 200 78 "http://localhost:4200/login" "Mozilla/5.0 (Windows NT 10.0; Win64; x64) AppleWebKit/537.36 (KHTML, like Gecko) Chrome/84.0.4147.135 Safari/537.36"
::1 - - [24/Aug/2020:12:17:11 +0000] "POST /api/user/login HTTP/1.1" 200 247 "http://localhost:4200/login" "Mozilla/5.0 (Windows NT 10.0; Win64; x64) AppleWebKit/537.36 (KHTML, like Gecko) Chrome/84.0.4147.135 Safari/537.36"
::1 - - [24/Aug/2020:12:24:11 +0000] "POST /api/general/categories HTTP/1.1" 200 223 "-" "PostmanRuntime/7.26.3"
::1 - - [24/Aug/2020:13:04:12 +0000] "GET /category HTTP/1.1" 404 147 "http://localhost:4200/" "Mozilla/5.0 (Windows NT 10.0; Win64; x64) AppleWebKit/537.36 (KHTML, like Gecko) Chrome/84.0.4147.135 Safari/537.36"
::1 - - [24/Aug/2020:13:04:12 +0000] "GET /category HTTP/1.1" 404 147 "http://localhost:4200/" "Mozilla/5.0 (Windows NT 10.0; Win64; x64) AppleWebKit/537.36 (KHTML, like Gecko) Chrome/84.0.4147.135 Safari/537.36"
::1 - - [24/Aug/2020:13:04:13 +0000] "GET /category HTTP/1.1" 404 147 "http://localhost:4200/" "Mozilla/5.0 (Windows NT 10.0; Win64; x64) AppleWebKit/537.36 (KHTML, like Gecko) Chrome/84.0.4147.135 Safari/537.36"
::1 - - [24/Aug/2020:13:05:14 +0000] "GET /categories HTTP/1.1" 404 149 "http://localhost:4200/" "Mozilla/5.0 (Windows NT 10.0; Win64; x64) AppleWebKit/537.36 (KHTML, like Gecko) Chrome/84.0.4147.135 Safari/537.36"
::1 - - [24/Aug/2020:13:05:15 +0000] "GET /categories HTTP/1.1" 404 149 "http://localhost:4200/" "Mozilla/5.0 (Windows NT 10.0; Win64; x64) AppleWebKit/537.36 (KHTML, like Gecko) Chrome/84.0.4147.135 Safari/537.36"
::1 - - [24/Aug/2020:13:06:40 +0000] "GET /general/categories HTTP/1.1" 404 157 "http://localhost:4200/" "Mozilla/5.0 (Windows NT 10.0; Win64; x64) AppleWebKit/537.36 (KHTML, like Gecko) Chrome/84.0.4147.135 Safari/537.36"
::1 - - [24/Aug/2020:13:06:41 +0000] "GET /general/categories HTTP/1.1" 404 157 "http://localhost:4200/" "Mozilla/5.0 (Windows NT 10.0; Win64; x64) AppleWebKit/537.36 (KHTML, like Gecko) Chrome/84.0.4147.135 Safari/537.36"
::1 - - [24/Aug/2020:13:07:36 +0000] "GET /api/general/categories HTTP/1.1" 404 161 "http://localhost:4200/" "Mozilla/5.0 (Windows NT 10.0; Win64; x64) AppleWebKit/537.36 (KHTML, like Gecko) Chrome/84.0.4147.135 Safari/537.36"
::1 - - [24/Aug/2020:13:07:37 +0000] "GET /api/general/categories HTTP/1.1" 404 161 "http://localhost:4200/" "Mozilla/5.0 (Windows NT 10.0; Win64; x64) AppleWebKit/537.36 (KHTML, like Gecko) Chrome/84.0.4147.135 Safari/537.36"
::1 - - [24/Aug/2020:13:07:51 +0000] "POST /api/api/user/login HTTP/1.1" 404 158 "http://localhost:4200/login" "Mozilla/5.0 (Windows NT 10.0; Win64; x64) AppleWebKit/537.36 (KHTML, like Gecko) Chrome/84.0.4147.135 Safari/537.36"
::1 - - [24/Aug/2020:13:08:29 +0000] "POST /api/user/login HTTP/1.1" 200 247 "http://localhost:4200/login" "Mozilla/5.0 (Windows NT 10.0; Win64; x64) AppleWebKit/537.36 (KHTML, like Gecko) Chrome/84.0.4147.135 Safari/537.36"
::1 - - [24/Aug/2020:13:08:29 +0000] "GET /api/general/categories HTTP/1.1" 404 161 "http://localhost:4200/" "Mozilla/5.0 (Windows NT 10.0; Win64; x64) AppleWebKit/537.36 (KHTML, like Gecko) Chrome/84.0.4147.135 Safari/537.36"
::1 - - [24/Aug/2020:13:09:04 +0000] "POST /api/general/categories HTTP/1.1" 200 223 "-" "PostmanRuntime/7.26.3"
::1 - - [24/Aug/2020:13:11:32 +0000] "GET /api/general/categories HTTP/1.1" 200 223 "-" "PostmanRuntime/7.26.3"
::1 - - [24/Aug/2020:13:11:36 +0000] "GET /api/general/categories HTTP/1.1" 200 223 "http://localhost:4200/" "Mozilla/5.0 (Windows NT 10.0; Win64; x64) AppleWebKit/537.36 (KHTML, like Gecko) Chrome/84.0.4147.135 Safari/537.36"
::1 - - [24/Aug/2020:13:13:09 +0000] "GET /api/general/categories HTTP/1.1" 304 - "http://localhost:4200/" "Mozilla/5.0 (Windows NT 10.0; Win64; x64) AppleWebKit/537.36 (KHTML, like Gecko) Chrome/84.0.4147.135 Safari/537.36"
::1 - - [24/Aug/2020:13:13:10 +0000] "GET /api/general/categories HTTP/1.1" 304 - "http://localhost:4200/" "Mozilla/5.0 (Windows NT 10.0; Win64; x64) AppleWebKit/537.36 (KHTML, like Gecko) Chrome/84.0.4147.135 Safari/537.36"
::1 - - [24/Aug/2020:13:13:24 +0000] "GET /api/general/categories HTTP/1.1" 200 223 "-" "PostmanRuntime/7.26.3"
::1 - - [24/Aug/2020:13:17:57 +0000] "GET /api/general/categories HTTP/1.1" 304 - "http://localhost:4200/" "Mozilla/5.0 (Windows NT 10.0; Win64; x64) AppleWebKit/537.36 (KHTML, like Gecko) Chrome/84.0.4147.135 Safari/537.36"
::1 - - [24/Aug/2020:13:17:57 +0000] "GET /api/general/categories HTTP/1.1" 304 - "http://localhost:4200/" "Mozilla/5.0 (Windows NT 10.0; Win64; x64) AppleWebKit/537.36 (KHTML, like Gecko) Chrome/84.0.4147.135 Safari/537.36"
::1 - - [24/Aug/2020:13:18:55 +0000] "GET /api/general/categories HTTP/1.1" 304 - "http://localhost:4200/" "Mozilla/5.0 (Windows NT 10.0; Win64; x64) AppleWebKit/537.36 (KHTML, like Gecko) Chrome/84.0.4147.135 Safari/537.36"
::1 - - [24/Aug/2020:13:18:56 +0000] "GET /api/general/categories HTTP/1.1" 304 - "http://localhost:4200/" "Mozilla/5.0 (Windows NT 10.0; Win64; x64) AppleWebKit/537.36 (KHTML, like Gecko) Chrome/84.0.4147.135 Safari/537.36"
::1 - - [24/Aug/2020:13:19:06 +0000] "GET /api/general/categories HTTP/1.1" 304 - "http://localhost:4200/" "Mozilla/5.0 (Windows NT 10.0; Win64; x64) AppleWebKit/537.36 (KHTML, like Gecko) Chrome/84.0.4147.135 Safari/537.36"
::1 - - [24/Aug/2020:13:19:07 +0000] "GET /api/general/categories HTTP/1.1" 304 - "http://localhost:4200/" "Mozilla/5.0 (Windows NT 10.0; Win64; x64) AppleWebKit/537.36 (KHTML, like Gecko) Chrome/84.0.4147.135 Safari/537.36"
::1 - - [24/Aug/2020:13:19:39 +0000] "GET /api/general/categories HTTP/1.1" 304 - "http://localhost:4200/" "Mozilla/5.0 (Windows NT 10.0; Win64; x64) AppleWebKit/537.36 (KHTML, like Gecko) Chrome/84.0.4147.135 Safari/537.36"
::1 - - [24/Aug/2020:13:19:39 +0000] "GET /api/general/categories HTTP/1.1" 304 - "http://localhost:4200/" "Mozilla/5.0 (Windows NT 10.0; Win64; x64) AppleWebKit/537.36 (KHTML, like Gecko) Chrome/84.0.4147.135 Safari/537.36"
::1 - - [24/Aug/2020:13:26:02 +0000] "GET /api/general/categories HTTP/1.1" 304 - "http://localhost:4200/" "Mozilla/5.0 (Windows NT 10.0; Win64; x64) AppleWebKit/537.36 (KHTML, like Gecko) Chrome/84.0.4147.135 Safari/537.36"
::1 - - [24/Aug/2020:13:26:02 +0000] "GET /api/general/categories HTTP/1.1" 304 - "http://localhost:4200/" "Mozilla/5.0 (Windows NT 10.0; Win64; x64) AppleWebKit/537.36 (KHTML, like Gecko) Chrome/84.0.4147.135 Safari/537.36"
::1 - - [24/Aug/2020:13:26:24 +0000] "GET /api/general/categories HTTP/1.1" 304 - "http://localhost:4200/" "Mozilla/5.0 (Windows NT 10.0; Win64; x64) AppleWebKit/537.36 (KHTML, like Gecko) Chrome/84.0.4147.135 Safari/537.36"
::1 - - [24/Aug/2020:13:26:25 +0000] "GET /api/general/categories HTTP/1.1" 304 - "http://localhost:4200/" "Mozilla/5.0 (Windows NT 10.0; Win64; x64) AppleWebKit/537.36 (KHTML, like Gecko) Chrome/84.0.4147.135 Safari/537.36"
::1 - - [24/Aug/2020:13:26:37 +0000] "GET /api/general/categories HTTP/1.1" 304 - "http://localhost:4200/" "Mozilla/5.0 (Windows NT 10.0; Win64; x64) AppleWebKit/537.36 (KHTML, like Gecko) Chrome/84.0.4147.135 Safari/537.36"
::1 - - [24/Aug/2020:13:26:38 +0000] "GET /api/general/categories HTTP/1.1" 304 - "http://localhost:4200/" "Mozilla/5.0 (Windows NT 10.0; Win64; x64) AppleWebKit/537.36 (KHTML, like Gecko) Chrome/84.0.4147.135 Safari/537.36"
::1 - - [24/Aug/2020:13:26:50 +0000] "GET /api/general/categories HTTP/1.1" 304 - "http://localhost:4200/" "Mozilla/5.0 (Windows NT 10.0; Win64; x64) AppleWebKit/537.36 (KHTML, like Gecko) Chrome/84.0.4147.135 Safari/537.36"
::1 - - [24/Aug/2020:13:26:51 +0000] "GET /api/general/categories HTTP/1.1" 304 - "http://localhost:4200/" "Mozilla/5.0 (Windows NT 10.0; Win64; x64) AppleWebKit/537.36 (KHTML, like Gecko) Chrome/84.0.4147.135 Safari/537.36"
::1 - - [24/Aug/2020:16:50:10 +0000] "GET /api/general/categories HTTP/1.1" 304 - "http://localhost:4200/" "Mozilla/5.0 (Windows NT 10.0; Win64; x64) AppleWebKit/537.36 (KHTML, like Gecko) Chrome/84.0.4147.135 Safari/537.36"
::1 - - [24/Aug/2020:16:50:15 +0000] "GET /api/general/categories HTTP/1.1" 304 - "http://localhost:4200/" "Mozilla/5.0 (Windows NT 10.0; Win64; x64) AppleWebKit/537.36 (KHTML, like Gecko) Chrome/84.0.4147.135 Safari/537.36"
::1 - - [24/Aug/2020:16:51:57 +0000] "GET /api/general/categories HTTP/1.1" 304 - "http://localhost:4200/" "Mozilla/5.0 (Windows NT 10.0; Win64; x64) AppleWebKit/537.36 (KHTML, like Gecko) Chrome/84.0.4147.135 Safari/537.36"
::1 - - [24/Aug/2020:16:52:03 +0000] "GET /api/general/categories HTTP/1.1" 304 - "http://localhost:4200/" "Mozilla/5.0 (Windows NT 10.0; Win64; x64) AppleWebKit/537.36 (KHTML, like Gecko) Chrome/84.0.4147.135 Safari/537.36"
::1 - - [24/Aug/2020:16:52:07 +0000] "GET /api/general/categories HTTP/1.1" 304 - "http://localhost:4200/" "Mozilla/5.0 (Windows NT 10.0; Win64; x64) AppleWebKit/537.36 (KHTML, like Gecko) Chrome/84.0.4147.135 Safari/537.36"
::1 - - [24/Aug/2020:16:57:19 +0000] "GET /api/general/categories HTTP/1.1" 304 - "http://localhost:4200/" "Mozilla/5.0 (Windows NT 10.0; Win64; x64) AppleWebKit/537.36 (KHTML, like Gecko) Chrome/84.0.4147.135 Safari/537.36"
::1 - - [24/Aug/2020:16:57:28 +0000] "GET /api/general/categories HTTP/1.1" 304 - "http://localhost:4200/" "Mozilla/5.0 (Windows NT 10.0; Win64; x64) AppleWebKit/537.36 (KHTML, like Gecko) Chrome/84.0.4147.135 Safari/537.36"
::1 - - [24/Aug/2020:16:58:13 +0000] "GET /api/general/categories HTTP/1.1" 304 - "http://localhost:4200/" "Mozilla/5.0 (Windows NT 10.0; Win64; x64) AppleWebKit/537.36 (KHTML, like Gecko) Chrome/84.0.4147.135 Safari/537.36"
::1 - - [24/Aug/2020:17:00:02 +0000] "GET /api/general/categories HTTP/1.1" 304 - "http://localhost:4200/" "Mozilla/5.0 (Windows NT 10.0; Win64; x64) AppleWebKit/537.36 (KHTML, like Gecko) Chrome/84.0.4147.135 Safari/537.36"
::1 - - [24/Aug/2020:17:00:03 +0000] "GET /api/general/categories HTTP/1.1" 304 - "http://localhost:4200/" "Mozilla/5.0 (Windows NT 10.0; Win64; x64) AppleWebKit/537.36 (KHTML, like Gecko) Chrome/84.0.4147.135 Safari/537.36"
::1 - - [24/Aug/2020:17:00:11 +0000] "GET /api/general/categories HTTP/1.1" 304 - "http://localhost:4200/" "Mozilla/5.0 (Windows NT 10.0; Win64; x64) AppleWebKit/537.36 (KHTML, like Gecko) Chrome/84.0.4147.135 Safari/537.36"
